2025-11-26 01:29:56,796 INFO  [org.jboss.as.server] (Thread-1) WFLYSRV0272: Suspending server
2025-11-26 01:29:57,623 INFO  [org.jboss.as.ejb3] (Thread-1) WFLYEJB0493: Jakarta Enterprise Beans subsystem suspension complete
2025-11-26 01:29:57,842 INFO  [org.jboss.as.server] (Thread-1) WFLYSRV0220: Server shutdown has been requested via an OS signal
2025-11-26 01:29:58,890 INFO  [org.wildfly.extension.undertow] (ServerService Thread Pool -- 19) WFLYUT0022: Unregistered web context: '/usuarios-service' from server 'default-server'
2025-11-26 01:29:59,000 INFO  [org.jboss.as.connector.deployers.jdbc] (MSC service thread 1-2) WFLYJCA0019: Stopped Driver service with driver-name = usuarios-service.war_com.mysql.cj.jdbc.Driver_8_2
2025-11-26 01:29:59,224 INFO  [org.jboss.as.mail.extension] (MSC service thread 1-1) WFLYMAIL0002: Unbound mail session [java:jboss/mail/Default]
2025-11-26 01:30:00,284 INFO  [org.wildfly.extension.undertow] (MSC service thread 1-4) WFLYUT0019: Host default-host stopping
2025-11-26 01:30:02,267 INFO  [org.jboss.as.connector.subsystems.datasources] (MSC service thread 1-7) WFLYJCA0010: Unbound data source [java:jboss/datasources/ExampleDS]
2025-11-26 01:30:02,359 INFO  [org.jboss.as.connector.deployers.jdbc] (MSC service thread 1-7) WFLYJCA0019: Stopped Driver service with driver-name = h2
2025-11-26 01:30:02,407 INFO  [org.jboss.as.jpa] (ServerService Thread Pool -- 83) WFLYJPA0011: Stopping Persistence Unit (phase 2 of 2) Service 'usuarios-service.war#usuariosPU'
2025-11-26 01:30:02,798 INFO  [org.hibernate.orm.beans] (ServerService Thread Pool -- 83) HHH10005004: Stopping BeanContainer : org.hibernate.resource.beans.container.internal.CdiBeanContainerExtendedAccessImpl@3cf5695a
2025-11-26 01:30:02,980 INFO  [org.jboss.as.jpa] (ServerService Thread Pool -- 83) WFLYJPA0011: Stopping Persistence Unit (phase 1 of 2) Service 'usuarios-service.war#usuariosPU'
2025-11-26 01:30:03,006 INFO  [org.jboss.as.connector.subsystems.datasources] (MSC service thread 1-6) WFLYJCA0010: Unbound data source [java:jboss/datasources/UsuariosDS]
2025-11-26 01:30:03,392 INFO  [org.jboss.as.connector.deployers.jdbc] (MSC service thread 1-1) WFLYJCA0019: Stopped Driver service with driver-name = mysql
2025-11-26 01:30:03,994 INFO  [org.wildfly.extension.undertow] (MSC service thread 1-5) WFLYUT0008: Undertow HTTPS listener https suspending
2025-11-26 01:30:03,994 INFO  [org.wildfly.extension.undertow] (MSC service thread 1-4) WFLYUT0008: Undertow HTTP listener default suspending
2025-11-26 01:30:04,047 INFO  [org.wildfly.extension.undertow] (MSC service thread 1-4) WFLYUT0007: Undertow HTTP listener default stopped, was bound to 0.0.0.0:8080
2025-11-26 01:30:04,032 INFO  [org.wildfly.extension.undertow] (MSC service thread 1-5) WFLYUT0007: Undertow HTTPS listener https stopped, was bound to 0.0.0.0:8443
2025-11-26 01:30:04,141 INFO  [org.wildfly.extension.undertow] (MSC service thread 1-6) WFLYUT0004: Undertow 2.3.10.Final stopping
2025-11-26 01:30:05,556 INFO  [org.jboss.as.server.deployment] (MSC service thread 1-6) WFLYSRV0028: Stopped deployment usuarios-service.war (runtime-name: usuarios-service.war) in 6800ms
2025-11-26 01:30:05,635 INFO  [org.jboss.as] (MSC service thread 1-2) WFLYSRV0050: WildFly Full 31.0.0.Final (WildFly Core 23.0.1.Final) stopped in 6876ms
2025-11-26 01:32:51,452 INFO  [org.jboss.modules] (main) JBoss Modules version 2.1.2.Final
2025-11-26 01:33:18,227 INFO  [org.jboss.msc] (main) JBoss MSC version 1.5.2.Final
2025-11-26 01:33:18,451 INFO  [org.jboss.threads] (main) JBoss Threads version 2.4.0.Final
2025-11-26 01:33:21,261 INFO  [org.jboss.as] (MSC service thread 1-1) WFLYSRV0049: WildFly Full 31.0.0.Final (WildFly Core 23.0.1.Final) starting
2025-11-26 01:33:21,303 DEBUG [org.jboss.as.config] (MSC service thread 1-1) Configured system properties:
	[Standalone] = 
	file.encoding = UTF-8
	file.separator = /
	java.awt.headless = true
	java.class.path = /opt/jboss/wildfly/jboss-modules.jar
	java.class.version = 61.0
	java.home = /opt/java/openjdk
	java.io.tmpdir = /tmp
	java.library.path = /usr/java/packages/lib:/usr/lib64:/lib64:/lib:/usr/lib
	java.net.preferIPv4Stack = true
	java.runtime.name = OpenJDK Runtime Environment
	java.runtime.version = 17.0.10+7
	java.security.manager = allow
	java.specification.name = Java Platform API Specification
	java.specification.vendor = Oracle Corporation
	java.specification.version = 17
	java.util.logging.manager = org.jboss.logmanager.LogManager
	java.vendor = Eclipse Adoptium
	java.vendor.url = https://adoptium.net/
	java.vendor.url.bug = https://github.com/adoptium/adoptium-support/issues
	java.vendor.version = Temurin-17.0.10+7
	java.version = 17.0.10
	java.version.date = 2024-01-16
	java.vm.compressedOopsMode = 32-bit
	java.vm.info = mixed mode, sharing
	java.vm.name = OpenJDK 64-Bit Server VM
	java.vm.specification.name = Java Virtual Machine Specification
	java.vm.specification.vendor = Oracle Corporation
	java.vm.specification.version = 17
	java.vm.vendor = Eclipse Adoptium
	java.vm.version = 17.0.10+7
	javax.management.builder.initial = org.jboss.as.jmx.PluggableMBeanServerBuilder
	jboss.bind.address = 0.0.0.0
	jboss.home.dir = /opt/jboss/wildfly
	jboss.host.name = 55cbfdcc48d7
	jboss.modules.system.pkgs = org.jboss.byteman
	jboss.node.name = 55cbfdcc48d7
	jboss.qualified.host.name = 55cbfdcc48d7
	jboss.server.base.dir = /opt/jboss/wildfly/standalone
	jboss.server.config.dir = /opt/jboss/wildfly/standalone/configuration
	jboss.server.data.dir = /opt/jboss/wildfly/standalone/data
	jboss.server.log.dir = /opt/jboss/wildfly/standalone/log
	jboss.server.name = 55cbfdcc48d7
	jboss.server.persist.config = true
	jboss.server.temp.dir = /opt/jboss/wildfly/standalone/tmp
	jdk.debug = release
	jdk.serialFilter = maxbytes=10485760;maxdepth=128;maxarray=100000;maxrefs=300000
	line.separator = 

	logging.configuration = file:/opt/jboss/wildfly/standalone/configuration/logging.properties
	module.path = /opt/jboss/wildfly/modules
	native.encoding = UTF-8
	org.jboss.boot.log.file = /opt/jboss/wildfly/standalone/log/server.log
	org.jboss.resolver.warning = true
	os.arch = amd64
	os.name = Linux
	os.version = 6.6.87.2-microsoft-standard-WSL2
	path.separator = :
	sun.arch.data.model = 64
	sun.boot.library.path = /opt/java/openjdk/lib
	sun.cpu.endian = little
	sun.io.unicode.encoding = UnicodeLittle
	sun.java.command = /opt/jboss/wildfly/jboss-modules.jar -mp /opt/jboss/wildfly/modules org.jboss.as.standalone -Djboss.home.dir=/opt/jboss/wildfly -Djboss.server.base.dir=/opt/jboss/wildfly/standalone -b 0.0.0.0
	sun.java.launcher = SUN_STANDARD
	sun.jnu.encoding = UTF-8
	sun.management.compiler = HotSpot 64-Bit Tiered Compilers
	user.country = US
	user.dir = /opt/jboss
	user.home = /opt/jboss
	user.language = en
	user.name = jboss
	user.timezone = UTC
2025-11-26 01:33:21,329 DEBUG [org.jboss.as.config] (MSC service thread 1-1) VM Arguments: -D[Standalone] -Djdk.serialFilter=maxbytes=10485760;maxdepth=128;maxarray=100000;maxrefs=300000 -Xms64m -Xmx512m -XX:MetaspaceSize=96M -XX:MaxMetaspaceSize=256m -Djava.net.preferIPv4Stack=true -Djboss.modules.system.pkgs=org.jboss.byteman -Djava.awt.headless=true --add-exports=java.desktop/sun.awt=ALL-UNNAMED --add-exports=java.naming/com.sun.jndi.ldap=ALL-UNNAMED --add-exports=java.naming/com.sun.jndi.url.ldap=ALL-UNNAMED --add-exports=java.naming/com.sun.jndi.url.ldaps=ALL-UNNAMED --add-exports=jdk.naming.dns/com.sun.jndi.dns=ALL-UNNAMED --add-opens=java.base/java.lang=ALL-UNNAMED --add-opens=java.base/java.lang.invoke=ALL-UNNAMED --add-opens=java.base/java.lang.reflect=ALL-UNNAMED --add-opens=java.base/java.io=ALL-UNNAMED --add-opens=java.base/java.net=ALL-UNNAMED --add-opens=java.base/java.security=ALL-UNNAMED --add-opens=java.base/java.util=ALL-UNNAMED --add-opens=java.base/java.util.concurrent=ALL-UNNAMED --add-opens=java.management/javax.management=ALL-UNNAMED --add-opens=java.naming/javax.naming=ALL-UNNAMED -Djava.security.manager=allow -Dorg.jboss.boot.log.file=/opt/jboss/wildfly/standalone/log/server.log -Dlogging.configuration=file:/opt/jboss/wildfly/standalone/configuration/logging.properties 
2025-11-26 01:33:22,768 INFO  [org.jboss.vfs] (MSC service thread 1-8) VFS000002: Failed to clean existing content for temp file provider of type temp. Enable DEBUG level log to find what caused this
2025-11-26 01:33:45,517 INFO  [org.wildfly.security] (ServerService Thread Pool -- 28) ELY00001: WildFly Elytron version 2.2.3.Final
2025-11-26 01:34:01,614 INFO  [org.jboss.as.controller.management-deprecated] (ServerService Thread Pool -- 23) WFLYCTL0028: Attribute 'cluster' in the resource at address '/subsystem=ejb3/service=remote' is deprecated, and may be removed in a future version. See the attribute description in the output of the read-resource-description operation to learn more about the deprecation.
2025-11-26 01:34:15,126 INFO  [org.jboss.as.repository] (ServerService Thread Pool -- 12) WFLYDR0001: Content added at location /opt/jboss/wildfly/standalone/data/content/9a/2f58b92d44a6ccbbf354fb317765571a95b4fa/content
2025-11-26 01:34:15,901 INFO  [org.jboss.as.server] (Controller Boot Thread) WFLYSRV0039: Creating http management service using socket-binding (management-http)
2025-11-26 01:34:16,701 INFO  [org.xnio] (MSC service thread 1-8) XNIO version 3.8.12.Final
2025-11-26 01:34:17,014 INFO  [org.xnio.nio] (MSC service thread 1-8) XNIO NIO Implementation Version 3.8.12.Final
2025-11-26 01:34:18,471 INFO  [org.wildfly.extension.elytron.oidc._private] (ServerService Thread Pool -- 54) WFLYOIDC0001: Activating WildFly Elytron OIDC Subsystem
2025-11-26 01:34:19,247 INFO  [org.wildfly.extension.io] (ServerService Thread Pool -- 57) WFLYIO001: Worker 'default' has auto-configured to 8 IO threads with 64 max task threads based on your 4 available processors
2025-11-26 01:34:19,706 INFO  [org.jboss.as.jaxrs] (ServerService Thread Pool -- 58) WFLYRS0016: RESTEasy version 6.2.7.Final
2025-11-26 01:34:19,883 INFO  [org.jboss.as.clustering.infinispan] (ServerService Thread Pool -- 56) WFLYCLINF0001: Activating Infinispan subsystem.
2025-11-26 01:34:20,044 INFO  [org.wildfly.extension.health] (ServerService Thread Pool -- 55) WFLYHEALTH0001: Activating Base Health Subsystem
2025-11-26 01:34:20,162 INFO  [org.wildfly.extension.microprofile.jwt.smallrye] (ServerService Thread Pool -- 67) WFLYJWT0001: Activating MicroProfile JWT Subsystem
2025-11-26 01:34:20,270 INFO  [org.jboss.as.jsf] (ServerService Thread Pool -- 63) WFLYJSF0007: Activated the following Jakarta Server Faces Implementations: [main]
2025-11-26 01:34:20,342 INFO  [org.wildfly.extension.microprofile.config.smallrye] (ServerService Thread Pool -- 66) WFLYCONF0001: Activating MicroProfile Config Subsystem
2025-11-26 01:34:21,261 INFO  [org.wildfly.extension.metrics] (ServerService Thread Pool -- 65) WFLYMETRICS0001: Activating Base Metrics Subsystem
2025-11-26 01:34:21,465 WARN  [org.jboss.as.txn] (ServerService Thread Pool -- 75) WFLYTX0013: The node-identifier attribute on the /subsystem=transactions is set to the default value. This is a danger for environments running multiple servers. Please make sure the attribute value is unique.
2025-11-26 01:34:22,304 INFO  [org.jboss.as.naming] (ServerService Thread Pool -- 68) WFLYNAM0001: Activating Naming Subsystem
2025-11-26 01:34:22,381 INFO  [org.jboss.as.webservices] (ServerService Thread Pool -- 77) WFLYWS0002: Activating WebServices Extension
2025-11-26 01:34:22,684 INFO  [org.jboss.as.connector] (MSC service thread 1-1) WFLYJCA0009: Starting Jakarta Connectors Subsystem (WildFly/IronJacamar 3.0.8.Final)
2025-11-26 01:34:23,427 INFO  [org.jboss.as.naming] (MSC service thread 1-8) WFLYNAM0003: Starting Naming Service
2025-11-26 01:34:23,380 INFO  [org.jboss.as.server.deployment] (MSC service thread 1-5) WFLYSRV0027: Starting deployment of "usuarios-service.war" (runtime-name: "usuarios-service.war")
2025-11-26 01:34:25,093 WARN  [org.wildfly.extension.elytron] (MSC service thread 1-7) WFLYELY00023: KeyStore file '/opt/jboss/wildfly/standalone/configuration/application.keystore' does not exist. Used blank.
2025-11-26 01:34:25,183 INFO  [org.jboss.remoting] (MSC service thread 1-6) JBoss Remoting version 5.0.27.Final
2025-11-26 01:34:25,649 INFO  [org.jboss.as.connector.subsystems.datasources] (ServerService Thread Pool -- 45) WFLYJCA0004: Deploying JDBC-compliant driver class org.h2.Driver (version 2.2)
2025-11-26 01:34:25,692 INFO  [org.jboss.as.mail.extension] (MSC service thread 1-7) WFLYMAIL0001: Bound mail session [java:jboss/mail/Default]
2025-11-26 01:34:26,040 INFO  [org.wildfly.extension.undertow] (MSC service thread 1-8) WFLYUT0003: Undertow 2.3.10.Final starting
2025-11-26 01:34:26,077 INFO  [org.jboss.as.connector.deployers.jdbc] (MSC service thread 1-8) WFLYJCA0018: Started Driver service with driver-name = h2
2025-11-26 01:34:26,047 WARN  [org.wildfly.extension.elytron] (MSC service thread 1-3) WFLYELY01084: KeyStore /opt/jboss/wildfly/standalone/configuration/application.keystore not found, it will be auto-generated on first use with a self-signed certificate for host localhost
2025-11-26 01:34:28,488 INFO  [org.jboss.as.connector.subsystems.datasources] (ServerService Thread Pool -- 45) WFLYJCA0005: Deploying non-JDBC-compliant driver class com.mysql.cj.jdbc.Driver (version 8.2)
2025-11-26 01:34:28,903 INFO  [org.jboss.as.connector.deployers.jdbc] (MSC service thread 1-1) WFLYJCA0018: Started Driver service with driver-name = mysql
2025-11-26 01:34:33,266 INFO  [org.wildfly.extension.undertow] (ServerService Thread Pool -- 76) WFLYUT0014: Creating file handler for path '/opt/jboss/wildfly/welcome-content' with options [directory-listing: 'false', follow-symlink: 'false', case-sensitive: 'true', safe-symlink-paths: '[]']
2025-11-26 01:34:33,813 INFO  [org.wildfly.extension.undertow] (MSC service thread 1-4) WFLYUT0012: Started server default-server.
2025-11-26 01:34:34,064 INFO  [org.wildfly.extension.undertow] (MSC service thread 1-6) Queuing requests.
2025-11-26 01:34:34,121 INFO  [org.wildfly.extension.undertow] (MSC service thread 1-6) WFLYUT0018: Host default-host starting
2025-11-26 01:34:36,391 INFO  [org.jboss.as.ejb3] (MSC service thread 1-6) WFLYEJB0481: Strict pool slsb-strict-max-pool is using a max instance size of 64 (per class), which is derived from thread worker pool sizing.
2025-11-26 01:34:36,381 INFO  [org.jboss.as.ejb3] (MSC service thread 1-2) WFLYEJB0482: Strict pool mdb-strict-max-pool is using a max instance size of 16 (per class), which is derived from the number of CPUs on this host.
2025-11-26 01:34:37,334 INFO  [org.wildfly.extension.undertow] (MSC service thread 1-4) WFLYUT0006: Undertow HTTP listener default listening on 0.0.0.0:8080
2025-11-26 01:34:41,607 INFO  [org.wildfly.extension.undertow] (MSC service thread 1-7) WFLYUT0006: Undertow HTTPS listener https listening on 0.0.0.0:8443
2025-11-26 01:34:42,091 INFO  [org.jboss.as.ejb3] (MSC service thread 1-8) WFLYEJB0493: Jakarta Enterprise Beans subsystem suspension complete
2025-11-26 01:34:43,781 INFO  [org.jboss.as.connector.subsystems.datasources] (MSC service thread 1-6) WFLYJCA0001: Bound data source [java:jboss/datasources/UsuariosDS]
2025-11-26 01:34:43,811 INFO  [org.jboss.as.connector.subsystems.datasources] (MSC service thread 1-6) WFLYJCA0001: Bound data source [java:jboss/datasources/ExampleDS]
2025-11-26 01:34:48,213 INFO  [org.jboss.as.server.deployment.scanner] (MSC service thread 1-5) WFLYDS0013: Started FileSystemDeploymentService for directory /opt/jboss/wildfly/standalone/deployments
2025-11-26 01:34:50,457 INFO  [org.jboss.ws.common.management] (MSC service thread 1-7) JBWS022052: Starting JBossWS 7.0.0.Final (Apache CXF 4.0.0) 
2025-11-26 01:36:11,146 INFO  [org.jboss.as.jpa] (MSC service thread 1-5) WFLYJPA0002: Read persistence.xml for usuariosPU
2025-11-26 01:36:12,677 INFO  [org.jipijapa] (MSC service thread 1-4) JIPIORMV6020260: Second level cache enabled for usuarios-service.war#usuariosPU
2025-11-26 01:36:12,940 INFO  [org.jboss.weld.deployer] (MSC service thread 1-7) WFLYWELD0003: Processing weld deployment usuarios-service.war
2025-11-26 01:36:14,393 INFO  [org.hibernate.validator.internal.util.Version] (MSC service thread 1-7) HV000001: Hibernate Validator 8.0.1.Final
2025-11-26 01:36:18,218 INFO  [org.jipijapa] (MSC service thread 1-2) JIPIORMV6020260: Second level cache enabled for usuarios-service.war#usuariosPU
2025-11-26 01:36:18,429 INFO  [org.jboss.as.connector.deployers.jdbc] (MSC service thread 1-2) WFLYJCA0005: Deploying non-JDBC-compliant driver class com.mysql.cj.jdbc.Driver (version 8.2)
2025-11-26 01:36:18,749 INFO  [org.jboss.weld.Version] (MSC service thread 1-2) WELD-000900: 5.1.2 (Final)
2025-11-26 01:36:19,339 INFO  [org.jboss.as.connector.deployers.jdbc] (MSC service thread 1-3) WFLYJCA0018: Started Driver service with driver-name = usuarios-service.war_com.mysql.cj.jdbc.Driver_8_2
2025-11-26 01:36:19,604 INFO  [org.infinispan.CONTAINER] (ServerService Thread Pool -- 81) ISPN000556: Starting user marshaller 'org.wildfly.clustering.infinispan.marshalling.jboss.JBossMarshaller'
2025-11-26 01:36:23,745 INFO  [org.jboss.as.jpa] (ServerService Thread Pool -- 81) WFLYJPA0010: Starting Persistence Unit (phase 1 of 2) Service 'usuarios-service.war#usuariosPU'
2025-11-26 01:36:23,830 INFO  [org.hibernate.jpa.internal.util.LogHelper] (ServerService Thread Pool -- 81) HHH000204: Processing PersistenceUnitInfo [name: usuariosPU]
2025-11-26 01:36:24,247 INFO  [org.hibernate.Version] (ServerService Thread Pool -- 81) HHH000412: Hibernate ORM core version 6.4.2.Final
2025-11-26 01:36:26,266 WARN  [org.hibernate.orm.deprecation] (ServerService Thread Pool -- 81) HHH90000025: MySQLDialect does not need to be specified explicitly using 'hibernate.dialect' (remove the property setting and it will be selected by default)
2025-11-26 01:36:26,414 INFO  [org.hibernate.cache.internal.RegionFactoryInitiator] (ServerService Thread Pool -- 81) HHH000025: Second-level cache region factory [org.infinispan.hibernate.cache.v62.InfinispanRegionFactory]
2025-11-26 01:36:26,924 INFO  [org.hibernate.envers.boot.internal.EnversServiceImpl] (ServerService Thread Pool -- 81) Envers integration enabled? : true
2025-11-26 01:36:27,799 INFO  [org.jboss.as.jpa] (ServerService Thread Pool -- 81) WFLYJPA0010: Starting Persistence Unit (phase 2 of 2) Service 'usuarios-service.war#usuariosPU'
2025-11-26 01:36:44,835 INFO  [org.jboss.resteasy.resteasy_jaxrs.i18n] (ServerService Thread Pool -- 81) RESTEASY002225: Deploying jakarta.ws.rs.core.Application: class org.example.demo3.HelloApplication
2025-11-26 01:36:45,317 INFO  [org.wildfly.extension.undertow] (ServerService Thread Pool -- 81) WFLYUT0021: Registered web context: '/usuarios-service' for server 'default-server'
2025-11-26 01:36:45,786 INFO  [org.jboss.as.server] (ServerService Thread Pool -- 46) WFLYSRV0010: Deployed "usuarios-service.war" (runtime-name : "usuarios-service.war")
2025-11-26 01:36:46,120 ERROR [org.jboss.as.controller] (Controller Boot Thread) WFLYCTL0056: Could not rename /opt/jboss/wildfly/standalone/configuration/standalone_xml_history/current to /opt/jboss/wildfly/standalone/configuration/standalone_xml_history/20251126-013646115: java.nio.file.DirectoryNotEmptyException: /opt/jboss/wildfly/standalone/configuration/standalone_xml_history/current
	at java.base/sun.nio.fs.UnixCopyFile.ensureEmptyDir(UnixCopyFile.java:382)
	at java.base/sun.nio.fs.UnixCopyFile.move(UnixCopyFile.java:483)
	at java.base/sun.nio.fs.UnixFileSystemProvider.move(UnixFileSystemProvider.java:266)
	at java.base/java.nio.file.Files.move(Files.java:1432)
	at org.jboss.as.controller@23.0.1.Final//org.jboss.as.controller.persistence.ConfigurationFile.forcedMove(ConfigurationFile.java:817)
	at org.jboss.as.controller@23.0.1.Final//org.jboss.as.controller.persistence.ConfigurationFile.createHistoryDirectory(ConfigurationFile.java:699)
	at org.jboss.as.controller@23.0.1.Final//org.jboss.as.controller.persistence.ConfigurationFile.successfulBoot(ConfigurationFile.java:542)
	at org.jboss.as.controller@23.0.1.Final//org.jboss.as.controller.persistence.BackupXmlConfigurationPersister.successfulBoot(BackupXmlConfigurationPersister.java:78)
	at org.jboss.as.controller@23.0.1.Final//org.jboss.as.controller.AbstractControllerService.finishBoot(AbstractControllerService.java:487)
	at org.jboss.as.server@23.0.1.Final//org.jboss.as.server.ServerService.finishBoot(ServerService.java:438)
	at org.jboss.as.server@23.0.1.Final//org.jboss.as.server.ServerService.boot(ServerService.java:398)
	at org.jboss.as.controller@23.0.1.Final//org.jboss.as.controller.AbstractControllerService$1.run(AbstractControllerService.java:362)
	at java.base/java.lang.Thread.run(Thread.java:840)

2025-11-26 01:36:46,127 WARN  [org.jboss.as.controller] (Controller Boot Thread) WFLYCTL0414: Could not create a timestamped backup of current history dir /opt/jboss/wildfly/standalone/configuration/standalone_xml_history/current, so it may still include versions from the previous boot.
2025-11-26 01:36:46,153 INFO  [org.jboss.as.server] (Controller Boot Thread) WFLYSRV0212: Resuming server
2025-11-26 01:36:46,160 INFO  [org.jboss.as] (Controller Boot Thread) WFLYSRV0060: Http management interface listening on http://127.0.0.1:9990/management
2025-11-26 01:36:46,163 INFO  [org.jboss.as] (Controller Boot Thread) WFLYSRV0051: Admin console listening on http://127.0.0.1:9990
2025-11-26 01:36:46,170 INFO  [org.jboss.as] (Controller Boot Thread) WFLYSRV0025: WildFly Full 31.0.0.Final (WildFly Core 23.0.1.Final) started in 244516ms - Started 420 of 621 services (323 services are lazy, passive or on-demand) - Server configuration file in use: standalone.xml
2025-11-26 01:37:14,891 INFO  [org.jboss.as.server] (Thread-1) WFLYSRV0272: Suspending server
2025-11-26 01:37:14,900 INFO  [org.jboss.as.ejb3] (Thread-1) WFLYEJB0493: Jakarta Enterprise Beans subsystem suspension complete
2025-11-26 01:37:14,915 INFO  [org.jboss.as.server] (Thread-1) WFLYSRV0220: Server shutdown has been requested via an OS signal
2025-11-26 01:37:15,036 INFO  [org.jboss.as.connector.deployers.jdbc] (MSC service thread 1-4) WFLYJCA0019: Stopped Driver service with driver-name = usuarios-service.war_com.mysql.cj.jdbc.Driver_8_2
2025-11-26 01:37:15,079 INFO  [org.jboss.as.mail.extension] (MSC service thread 1-7) WFLYMAIL0002: Unbound mail session [java:jboss/mail/Default]
2025-11-26 01:37:15,137 INFO  [org.wildfly.extension.undertow] (ServerService Thread Pool -- 11) WFLYUT0022: Unregistered web context: '/usuarios-service' from server 'default-server'
2025-11-26 01:37:15,206 INFO  [org.wildfly.extension.undertow] (MSC service thread 1-1) WFLYUT0019: Host default-host stopping
2025-11-26 01:37:15,242 INFO  [org.jboss.as.connector.subsystems.datasources] (MSC service thread 1-6) WFLYJCA0010: Unbound data source [java:jboss/datasources/ExampleDS]
2025-11-26 01:37:15,244 INFO  [org.jboss.as.connector.deployers.jdbc] (MSC service thread 1-8) WFLYJCA0019: Stopped Driver service with driver-name = h2
2025-11-26 01:37:15,244 INFO  [org.jboss.as.jpa] (ServerService Thread Pool -- 83) WFLYJPA0011: Stopping Persistence Unit (phase 2 of 2) Service 'usuarios-service.war#usuariosPU'
2025-11-26 01:37:15,253 INFO  [org.hibernate.orm.beans] (ServerService Thread Pool -- 83) HHH10005004: Stopping BeanContainer : org.hibernate.resource.beans.container.internal.CdiBeanContainerExtendedAccessImpl@258004cc
2025-11-26 01:37:15,270 INFO  [org.jboss.as.jpa] (ServerService Thread Pool -- 83) WFLYJPA0011: Stopping Persistence Unit (phase 1 of 2) Service 'usuarios-service.war#usuariosPU'
2025-11-26 01:37:15,290 INFO  [org.jboss.as.connector.subsystems.datasources] (MSC service thread 1-6) WFLYJCA0010: Unbound data source [java:jboss/datasources/UsuariosDS]
2025-11-26 01:37:15,314 INFO  [org.jboss.as.connector.deployers.jdbc] (MSC service thread 1-8) WFLYJCA0019: Stopped Driver service with driver-name = mysql
2025-11-26 01:37:15,347 INFO  [org.wildfly.extension.undertow] (MSC service thread 1-3) WFLYUT0008: Undertow HTTPS listener https suspending
2025-11-26 01:37:15,348 INFO  [org.wildfly.extension.undertow] (MSC service thread 1-1) WFLYUT0008: Undertow HTTP listener default suspending
2025-11-26 01:37:15,352 INFO  [org.wildfly.extension.undertow] (MSC service thread 1-3) WFLYUT0007: Undertow HTTPS listener https stopped, was bound to 0.0.0.0:8443
2025-11-26 01:37:15,363 INFO  [org.wildfly.extension.undertow] (MSC service thread 1-1) WFLYUT0007: Undertow HTTP listener default stopped, was bound to 0.0.0.0:8080
2025-11-26 01:37:15,412 INFO  [org.wildfly.extension.undertow] (MSC service thread 1-2) WFLYUT0004: Undertow 2.3.10.Final stopping
2025-11-26 01:37:15,616 INFO  [org.jboss.as.server.deployment] (MSC service thread 1-2) WFLYSRV0028: Stopped deployment usuarios-service.war (runtime-name: usuarios-service.war) in 609ms
2025-11-26 01:37:15,711 INFO  [org.jboss.as] (MSC service thread 1-4) WFLYSRV0050: WildFly Full 31.0.0.Final (WildFly Core 23.0.1.Final) stopped in 691ms
2025-11-26 01:38:55,869 INFO  [org.jboss.modules] (main) JBoss Modules version 2.1.2.Final
2025-11-26 01:39:08,310 INFO  [org.jboss.msc] (main) JBoss MSC version 1.5.2.Final
2025-11-26 01:39:08,699 INFO  [org.jboss.threads] (main) JBoss Threads version 2.4.0.Final
2025-11-26 01:39:09,641 INFO  [org.jboss.as] (MSC service thread 1-2) WFLYSRV0049: WildFly Full 31.0.0.Final (WildFly Core 23.0.1.Final) starting
2025-11-26 01:39:09,747 DEBUG [org.jboss.as.config] (MSC service thread 1-2) Configured system properties:
	[Standalone] = 
	file.encoding = UTF-8
	file.separator = /
	java.awt.headless = true
	java.class.path = /opt/jboss/wildfly/jboss-modules.jar
	java.class.version = 61.0
	java.home = /opt/java/openjdk
	java.io.tmpdir = /tmp
	java.library.path = /usr/java/packages/lib:/usr/lib64:/lib64:/lib:/usr/lib
	java.net.preferIPv4Stack = true
	java.runtime.name = OpenJDK Runtime Environment
	java.runtime.version = 17.0.10+7
	java.security.manager = allow
	java.specification.name = Java Platform API Specification
	java.specification.vendor = Oracle Corporation
	java.specification.version = 17
	java.util.logging.manager = org.jboss.logmanager.LogManager
	java.vendor = Eclipse Adoptium
	java.vendor.url = https://adoptium.net/
	java.vendor.url.bug = https://github.com/adoptium/adoptium-support/issues
	java.vendor.version = Temurin-17.0.10+7
	java.version = 17.0.10
	java.version.date = 2024-01-16
	java.vm.compressedOopsMode = 32-bit
	java.vm.info = mixed mode, sharing
	java.vm.name = OpenJDK 64-Bit Server VM
	java.vm.specification.name = Java Virtual Machine Specification
	java.vm.specification.vendor = Oracle Corporation
	java.vm.specification.version = 17
	java.vm.vendor = Eclipse Adoptium
	java.vm.version = 17.0.10+7
	javax.management.builder.initial = org.jboss.as.jmx.PluggableMBeanServerBuilder
	jboss.bind.address = 0.0.0.0
	jboss.home.dir = /opt/jboss/wildfly
	jboss.host.name = 1df2c973977b
	jboss.modules.system.pkgs = org.jboss.byteman
	jboss.node.name = 1df2c973977b
	jboss.qualified.host.name = 1df2c973977b
	jboss.server.base.dir = /opt/jboss/wildfly/standalone
	jboss.server.config.dir = /opt/jboss/wildfly/standalone/configuration
	jboss.server.data.dir = /opt/jboss/wildfly/standalone/data
	jboss.server.log.dir = /opt/jboss/wildfly/standalone/log
	jboss.server.name = 1df2c973977b
	jboss.server.persist.config = true
	jboss.server.temp.dir = /opt/jboss/wildfly/standalone/tmp
	jdk.debug = release
	jdk.serialFilter = maxbytes=10485760;maxdepth=128;maxarray=100000;maxrefs=300000
	line.separator = 

	logging.configuration = file:/opt/jboss/wildfly/standalone/configuration/logging.properties
	module.path = /opt/jboss/wildfly/modules
	native.encoding = UTF-8
	org.jboss.boot.log.file = /opt/jboss/wildfly/standalone/log/server.log
	org.jboss.resolver.warning = true
	os.arch = amd64
	os.name = Linux
	os.version = 6.6.87.2-microsoft-standard-WSL2
	path.separator = :
	sun.arch.data.model = 64
	sun.boot.library.path = /opt/java/openjdk/lib
	sun.cpu.endian = little
	sun.io.unicode.encoding = UnicodeLittle
	sun.java.command = /opt/jboss/wildfly/jboss-modules.jar -mp /opt/jboss/wildfly/modules org.jboss.as.standalone -Djboss.home.dir=/opt/jboss/wildfly -Djboss.server.base.dir=/opt/jboss/wildfly/standalone -b 0.0.0.0
	sun.java.launcher = SUN_STANDARD
	sun.jnu.encoding = UTF-8
	sun.management.compiler = HotSpot 64-Bit Tiered Compilers
	user.country = US
	user.dir = /opt/jboss
	user.home = /opt/jboss
	user.language = en
	user.name = jboss
	user.timezone = UTC
2025-11-26 01:39:09,842 DEBUG [org.jboss.as.config] (MSC service thread 1-2) VM Arguments: -D[Standalone] -Djdk.serialFilter=maxbytes=10485760;maxdepth=128;maxarray=100000;maxrefs=300000 -Xms64m -Xmx512m -XX:MetaspaceSize=96M -XX:MaxMetaspaceSize=256m -Djava.net.preferIPv4Stack=true -Djboss.modules.system.pkgs=org.jboss.byteman -Djava.awt.headless=true --add-exports=java.desktop/sun.awt=ALL-UNNAMED --add-exports=java.naming/com.sun.jndi.ldap=ALL-UNNAMED --add-exports=java.naming/com.sun.jndi.url.ldap=ALL-UNNAMED --add-exports=java.naming/com.sun.jndi.url.ldaps=ALL-UNNAMED --add-exports=jdk.naming.dns/com.sun.jndi.dns=ALL-UNNAMED --add-opens=java.base/java.lang=ALL-UNNAMED --add-opens=java.base/java.lang.invoke=ALL-UNNAMED --add-opens=java.base/java.lang.reflect=ALL-UNNAMED --add-opens=java.base/java.io=ALL-UNNAMED --add-opens=java.base/java.net=ALL-UNNAMED --add-opens=java.base/java.security=ALL-UNNAMED --add-opens=java.base/java.util=ALL-UNNAMED --add-opens=java.base/java.util.concurrent=ALL-UNNAMED --add-opens=java.management/javax.management=ALL-UNNAMED --add-opens=java.naming/javax.naming=ALL-UNNAMED -Djava.security.manager=allow -Dorg.jboss.boot.log.file=/opt/jboss/wildfly/standalone/log/server.log -Dlogging.configuration=file:/opt/jboss/wildfly/standalone/configuration/logging.properties 
2025-11-26 01:39:13,189 INFO  [org.jboss.vfs] (MSC service thread 1-5) VFS000002: Failed to clean existing content for temp file provider of type temp. Enable DEBUG level log to find what caused this
2025-11-26 01:39:36,036 INFO  [org.wildfly.security] (ServerService Thread Pool -- 13) ELY00001: WildFly Elytron version 2.2.3.Final
2025-11-26 01:39:58,559 INFO  [org.jboss.as.controller.management-deprecated] (ServerService Thread Pool -- 6) WFLYCTL0028: Attribute 'cluster' in the resource at address '/subsystem=ejb3/service=remote' is deprecated, and may be removed in a future version. See the attribute description in the output of the read-resource-description operation to learn more about the deprecation.
2025-11-26 01:40:17,053 INFO  [org.jboss.as.repository] (ServerService Thread Pool -- 8) WFLYDR0001: Content added at location /opt/jboss/wildfly/standalone/data/content/9a/2f58b92d44a6ccbbf354fb317765571a95b4fa/content
2025-11-26 01:40:18,351 INFO  [org.jboss.as.server] (Controller Boot Thread) WFLYSRV0039: Creating http management service using socket-binding (management-http)
2025-11-26 01:40:19,748 INFO  [org.xnio] (MSC service thread 1-3) XNIO version 3.8.12.Final
2025-11-26 01:40:19,956 INFO  [org.xnio.nio] (MSC service thread 1-3) XNIO NIO Implementation Version 3.8.12.Final
2025-11-26 01:40:22,212 INFO  [org.jboss.as.server.deployment] (MSC service thread 1-8) WFLYSRV0027: Starting deployment of "usuarios-service.war" (runtime-name: "usuarios-service.war")
2025-11-26 01:40:22,745 INFO  [org.wildfly.extension.health] (ServerService Thread Pool -- 54) WFLYHEALTH0001: Activating Base Health Subsystem
2025-11-26 01:40:22,748 INFO  [org.jboss.as.connector.subsystems.datasources] (ServerService Thread Pool -- 44) WFLYJCA0004: Deploying JDBC-compliant driver class org.h2.Driver (version 2.2)
2025-11-26 01:40:22,797 INFO  [org.wildfly.extension.elytron.oidc._private] (ServerService Thread Pool -- 53) WFLYOIDC0001: Activating WildFly Elytron OIDC Subsystem
2025-11-26 01:40:23,365 INFO  [org.jboss.as.jsf] (ServerService Thread Pool -- 62) WFLYJSF0007: Activated the following Jakarta Server Faces Implementations: [main]
2025-11-26 01:40:22,830 INFO  [org.jboss.as.clustering.infinispan] (ServerService Thread Pool -- 55) WFLYCLINF0001: Activating Infinispan subsystem.
2025-11-26 01:40:23,420 INFO  [org.wildfly.extension.microprofile.jwt.smallrye] (ServerService Thread Pool -- 66) WFLYJWT0001: Activating MicroProfile JWT Subsystem
2025-11-26 01:40:23,761 INFO  [org.jboss.as.connector.deployers.jdbc] (MSC service thread 1-3) WFLYJCA0018: Started Driver service with driver-name = h2
2025-11-26 01:40:23,804 INFO  [org.wildfly.extension.metrics] (ServerService Thread Pool -- 64) WFLYMETRICS0001: Activating Base Metrics Subsystem
2025-11-26 01:40:23,791 INFO  [org.wildfly.extension.io] (ServerService Thread Pool -- 56) WFLYIO001: Worker 'default' has auto-configured to 8 IO threads with 64 max task threads based on your 4 available processors
2025-11-26 01:40:23,991 WARN  [org.jboss.as.txn] (ServerService Thread Pool -- 74) WFLYTX0013: The node-identifier attribute on the /subsystem=transactions is set to the default value. This is a danger for environments running multiple servers. Please make sure the attribute value is unique.
2025-11-26 01:40:23,762 INFO  [org.wildfly.extension.microprofile.config.smallrye] (ServerService Thread Pool -- 65) WFLYCONF0001: Activating MicroProfile Config Subsystem
2025-11-26 01:40:23,823 INFO  [org.jboss.as.naming] (ServerService Thread Pool -- 67) WFLYNAM0001: Activating Naming Subsystem
2025-11-26 01:40:24,059 INFO  [org.jboss.as.jaxrs] (ServerService Thread Pool -- 57) WFLYRS0016: RESTEasy version 6.2.7.Final
2025-11-26 01:40:23,942 INFO  [org.jboss.as.connector] (MSC service thread 1-7) WFLYJCA0009: Starting Jakarta Connectors Subsystem (WildFly/IronJacamar 3.0.8.Final)
2025-11-26 01:40:24,267 INFO  [org.jboss.remoting] (MSC service thread 1-4) JBoss Remoting version 5.0.27.Final
2025-11-26 01:40:26,262 INFO  [org.jboss.as.connector.subsystems.datasources] (ServerService Thread Pool -- 44) WFLYJCA0005: Deploying non-JDBC-compliant driver class com.mysql.cj.jdbc.Driver (version 8.2)
2025-11-26 01:40:26,871 INFO  [org.jboss.as.webservices] (ServerService Thread Pool -- 76) WFLYWS0002: Activating WebServices Extension
2025-11-26 01:40:26,885 INFO  [org.jboss.as.connector.deployers.jdbc] (MSC service thread 1-7) WFLYJCA0018: Started Driver service with driver-name = mysql
2025-11-26 01:40:29,100 INFO  [org.jboss.as.naming] (MSC service thread 1-8) WFLYNAM0003: Starting Naming Service
2025-11-26 01:40:29,107 INFO  [org.jboss.as.mail.extension] (MSC service thread 1-6) WFLYMAIL0001: Bound mail session [java:jboss/mail/Default]
2025-11-26 01:40:29,200 WARN  [org.wildfly.extension.elytron] (MSC service thread 1-4) WFLYELY00023: KeyStore file '/opt/jboss/wildfly/standalone/configuration/application.keystore' does not exist. Used blank.
2025-11-26 01:40:29,613 WARN  [org.wildfly.extension.elytron] (MSC service thread 1-3) WFLYELY01084: KeyStore /opt/jboss/wildfly/standalone/configuration/application.keystore not found, it will be auto-generated on first use with a self-signed certificate for host localhost
2025-11-26 01:40:29,872 INFO  [org.wildfly.extension.undertow] (MSC service thread 1-1) WFLYUT0003: Undertow 2.3.10.Final starting
2025-11-26 01:40:32,227 INFO  [org.jboss.as.ejb3] (MSC service thread 1-7) WFLYEJB0482: Strict pool mdb-strict-max-pool is using a max instance size of 16 (per class), which is derived from the number of CPUs on this host.
2025-11-26 01:40:32,374 INFO  [org.jboss.as.ejb3] (MSC service thread 1-1) WFLYEJB0481: Strict pool slsb-strict-max-pool is using a max instance size of 64 (per class), which is derived from thread worker pool sizing.
2025-11-26 01:40:33,732 INFO  [org.wildfly.extension.undertow] (ServerService Thread Pool -- 75) WFLYUT0014: Creating file handler for path '/opt/jboss/wildfly/welcome-content' with options [directory-listing: 'false', follow-symlink: 'false', case-sensitive: 'true', safe-symlink-paths: '[]']
2025-11-26 01:40:33,750 INFO  [org.wildfly.extension.undertow] (MSC service thread 1-7) WFLYUT0012: Started server default-server.
2025-11-26 01:40:33,787 INFO  [org.wildfly.extension.undertow] (MSC service thread 1-5) Queuing requests.
2025-11-26 01:40:33,843 INFO  [org.wildfly.extension.undertow] (MSC service thread 1-1) WFLYUT0006: Undertow HTTP listener default listening on 0.0.0.0:8080
2025-11-26 01:40:33,894 INFO  [org.wildfly.extension.undertow] (MSC service thread 1-5) WFLYUT0018: Host default-host starting
2025-11-26 01:40:36,302 INFO  [org.jboss.as.ejb3] (MSC service thread 1-8) WFLYEJB0493: Jakarta Enterprise Beans subsystem suspension complete
2025-11-26 01:40:36,445 INFO  [org.wildfly.extension.undertow] (MSC service thread 1-4) WFLYUT0006: Undertow HTTPS listener https listening on 0.0.0.0:8443
2025-11-26 01:40:38,628 INFO  [org.jboss.as.connector.subsystems.datasources] (MSC service thread 1-2) WFLYJCA0001: Bound data source [java:jboss/datasources/UsuariosDS]
2025-11-26 01:40:38,749 INFO  [org.jboss.as.connector.subsystems.datasources] (MSC service thread 1-5) WFLYJCA0001: Bound data source [java:jboss/datasources/ExampleDS]
2025-11-26 01:40:39,764 INFO  [org.jboss.as.server.deployment.scanner] (MSC service thread 1-3) WFLYDS0013: Started FileSystemDeploymentService for directory /opt/jboss/wildfly/standalone/deployments
2025-11-26 01:40:40,959 INFO  [org.jboss.ws.common.management] (MSC service thread 1-5) JBWS022052: Starting JBossWS 7.0.0.Final (Apache CXF 4.0.0) 
2025-11-26 01:42:06,602 INFO  [org.jboss.as.jpa] (MSC service thread 1-3) WFLYJPA0002: Read persistence.xml for usuariosPU
2025-11-26 01:42:08,311 INFO  [org.jipijapa] (MSC service thread 1-3) JIPIORMV6020260: Second level cache enabled for usuarios-service.war#usuariosPU
2025-11-26 01:42:08,613 INFO  [org.jboss.weld.deployer] (MSC service thread 1-7) WFLYWELD0003: Processing weld deployment usuarios-service.war
2025-11-26 01:42:09,914 INFO  [org.hibernate.validator.internal.util.Version] (MSC service thread 1-7) HV000001: Hibernate Validator 8.0.1.Final
2025-11-26 01:42:13,551 INFO  [org.infinispan.CONTAINER] (ServerService Thread Pool -- 80) ISPN000556: Starting user marshaller 'org.wildfly.clustering.infinispan.marshalling.jboss.JBossMarshaller'
2025-11-26 01:42:13,588 INFO  [org.jipijapa] (MSC service thread 1-8) JIPIORMV6020260: Second level cache enabled for usuarios-service.war#usuariosPU
2025-11-26 01:42:14,083 INFO  [org.jboss.as.connector.deployers.jdbc] (MSC service thread 1-8) WFLYJCA0005: Deploying non-JDBC-compliant driver class com.mysql.cj.jdbc.Driver (version 8.2)
2025-11-26 01:42:14,676 INFO  [org.jboss.weld.Version] (MSC service thread 1-8) WELD-000900: 5.1.2 (Final)
2025-11-26 01:42:15,414 INFO  [org.jboss.as.connector.deployers.jdbc] (MSC service thread 1-3) WFLYJCA0018: Started Driver service with driver-name = usuarios-service.war_com.mysql.cj.jdbc.Driver_8_2
2025-11-26 01:42:19,284 INFO  [org.jboss.as.jpa] (ServerService Thread Pool -- 80) WFLYJPA0010: Starting Persistence Unit (phase 1 of 2) Service 'usuarios-service.war#usuariosPU'
2025-11-26 01:42:19,459 INFO  [org.hibernate.jpa.internal.util.LogHelper] (ServerService Thread Pool -- 80) HHH000204: Processing PersistenceUnitInfo [name: usuariosPU]
2025-11-26 01:42:19,986 INFO  [org.hibernate.Version] (ServerService Thread Pool -- 80) HHH000412: Hibernate ORM core version 6.4.2.Final
2025-11-26 01:42:22,127 WARN  [org.hibernate.orm.deprecation] (ServerService Thread Pool -- 80) HHH90000025: MySQLDialect does not need to be specified explicitly using 'hibernate.dialect' (remove the property setting and it will be selected by default)
2025-11-26 01:42:22,221 INFO  [org.hibernate.cache.internal.RegionFactoryInitiator] (ServerService Thread Pool -- 80) HHH000025: Second-level cache region factory [org.infinispan.hibernate.cache.v62.InfinispanRegionFactory]
2025-11-26 01:42:22,680 INFO  [org.hibernate.envers.boot.internal.EnversServiceImpl] (ServerService Thread Pool -- 80) Envers integration enabled? : true
2025-11-26 01:42:23,231 INFO  [org.jboss.as.jpa] (ServerService Thread Pool -- 80) WFLYJPA0010: Starting Persistence Unit (phase 2 of 2) Service 'usuarios-service.war#usuariosPU'
2025-11-26 01:42:33,906 INFO  [org.jboss.resteasy.resteasy_jaxrs.i18n] (ServerService Thread Pool -- 81) RESTEASY002225: Deploying jakarta.ws.rs.core.Application: class org.example.demo3.HelloApplication
2025-11-26 01:42:34,082 INFO  [org.wildfly.extension.undertow] (ServerService Thread Pool -- 81) WFLYUT0021: Registered web context: '/usuarios-service' for server 'default-server'
2025-11-26 01:42:34,502 INFO  [org.jboss.as.server] (ServerService Thread Pool -- 45) WFLYSRV0010: Deployed "usuarios-service.war" (runtime-name : "usuarios-service.war")
2025-11-26 01:42:34,778 ERROR [org.jboss.as.controller] (Controller Boot Thread) WFLYCTL0056: Could not rename /opt/jboss/wildfly/standalone/configuration/standalone_xml_history/current to /opt/jboss/wildfly/standalone/configuration/standalone_xml_history/20251126-014234776: java.nio.file.DirectoryNotEmptyException: /opt/jboss/wildfly/standalone/configuration/standalone_xml_history/current
	at java.base/sun.nio.fs.UnixCopyFile.ensureEmptyDir(UnixCopyFile.java:382)
	at java.base/sun.nio.fs.UnixCopyFile.move(UnixCopyFile.java:483)
	at java.base/sun.nio.fs.UnixFileSystemProvider.move(UnixFileSystemProvider.java:266)
	at java.base/java.nio.file.Files.move(Files.java:1432)
	at org.jboss.as.controller@23.0.1.Final//org.jboss.as.controller.persistence.ConfigurationFile.forcedMove(ConfigurationFile.java:817)
	at org.jboss.as.controller@23.0.1.Final//org.jboss.as.controller.persistence.ConfigurationFile.createHistoryDirectory(ConfigurationFile.java:699)
	at org.jboss.as.controller@23.0.1.Final//org.jboss.as.controller.persistence.ConfigurationFile.successfulBoot(ConfigurationFile.java:542)
	at org.jboss.as.controller@23.0.1.Final//org.jboss.as.controller.persistence.BackupXmlConfigurationPersister.successfulBoot(BackupXmlConfigurationPersister.java:78)
	at org.jboss.as.controller@23.0.1.Final//org.jboss.as.controller.AbstractControllerService.finishBoot(AbstractControllerService.java:487)
	at org.jboss.as.server@23.0.1.Final//org.jboss.as.server.ServerService.finishBoot(ServerService.java:438)
	at org.jboss.as.server@23.0.1.Final//org.jboss.as.server.ServerService.boot(ServerService.java:398)
	at org.jboss.as.controller@23.0.1.Final//org.jboss.as.controller.AbstractControllerService$1.run(AbstractControllerService.java:362)
	at java.base/java.lang.Thread.run(Thread.java:840)

2025-11-26 01:42:34,782 WARN  [org.jboss.as.controller] (Controller Boot Thread) WFLYCTL0414: Could not create a timestamped backup of current history dir /opt/jboss/wildfly/standalone/configuration/standalone_xml_history/current, so it may still include versions from the previous boot.
2025-11-26 01:42:34,797 INFO  [org.jboss.as.server] (Controller Boot Thread) WFLYSRV0212: Resuming server
2025-11-26 01:42:34,816 INFO  [org.jboss.as] (Controller Boot Thread) WFLYSRV0060: Http management interface listening on http://127.0.0.1:9990/management
2025-11-26 01:42:34,818 INFO  [org.jboss.as] (Controller Boot Thread) WFLYSRV0051: Admin console listening on http://127.0.0.1:9990
2025-11-26 01:42:34,840 INFO  [org.jboss.as] (Controller Boot Thread) WFLYSRV0025: WildFly Full 31.0.0.Final (WildFly Core 23.0.1.Final) started in 226827ms - Started 420 of 621 services (323 services are lazy, passive or on-demand) - Server configuration file in use: standalone.xml
2025-11-26 01:44:25,812 INFO  [org.jboss.as.server] (Thread-1) WFLYSRV0272: Suspending server
2025-11-26 01:44:25,908 INFO  [org.jboss.as.ejb3] (Thread-1) WFLYEJB0493: Jakarta Enterprise Beans subsystem suspension complete
2025-11-26 01:44:26,023 INFO  [org.jboss.as.server] (Thread-1) WFLYSRV0220: Server shutdown has been requested via an OS signal
2025-11-26 01:44:26,047 INFO  [org.jboss.as.connector.deployers.jdbc] (MSC service thread 1-2) WFLYJCA0019: Stopped Driver service with driver-name = usuarios-service.war_com.mysql.cj.jdbc.Driver_8_2
2025-11-26 01:44:26,099 INFO  [org.jboss.as.mail.extension] (MSC service thread 1-6) WFLYMAIL0002: Unbound mail session [java:jboss/mail/Default]
2025-11-26 01:44:26,150 INFO  [org.wildfly.extension.undertow] (ServerService Thread Pool -- 82) WFLYUT0022: Unregistered web context: '/usuarios-service' from server 'default-server'
2025-11-26 01:44:26,208 INFO  [org.wildfly.extension.undertow] (MSC service thread 1-8) WFLYUT0019: Host default-host stopping
2025-11-26 01:44:26,306 INFO  [org.jboss.as.connector.subsystems.datasources] (MSC service thread 1-7) WFLYJCA0010: Unbound data source [java:jboss/datasources/ExampleDS]
2025-11-26 01:44:26,309 INFO  [org.jboss.as.jpa] (ServerService Thread Pool -- 85) WFLYJPA0011: Stopping Persistence Unit (phase 2 of 2) Service 'usuarios-service.war#usuariosPU'
2025-11-26 01:44:26,307 INFO  [org.jboss.as.connector.deployers.jdbc] (MSC service thread 1-4) WFLYJCA0019: Stopped Driver service with driver-name = h2
2025-11-26 01:44:26,341 INFO  [org.hibernate.orm.beans] (ServerService Thread Pool -- 85) HHH10005004: Stopping BeanContainer : org.hibernate.resource.beans.container.internal.CdiBeanContainerExtendedAccessImpl@243957c6
2025-11-26 01:44:26,360 INFO  [org.jboss.as.jpa] (ServerService Thread Pool -- 85) WFLYJPA0011: Stopping Persistence Unit (phase 1 of 2) Service 'usuarios-service.war#usuariosPU'
2025-11-26 01:44:26,384 INFO  [org.jboss.as.connector.subsystems.datasources] (MSC service thread 1-8) WFLYJCA0010: Unbound data source [java:jboss/datasources/UsuariosDS]
2025-11-26 01:44:26,387 INFO  [org.jboss.as.connector.deployers.jdbc] (MSC service thread 1-6) WFLYJCA0019: Stopped Driver service with driver-name = mysql
2025-11-26 01:44:26,445 INFO  [org.wildfly.extension.undertow] (MSC service thread 1-8) WFLYUT0008: Undertow HTTPS listener https suspending
2025-11-26 01:44:26,448 INFO  [org.wildfly.extension.undertow] (MSC service thread 1-2) WFLYUT0008: Undertow HTTP listener default suspending
2025-11-26 01:44:26,450 INFO  [org.wildfly.extension.undertow] (MSC service thread 1-2) WFLYUT0007: Undertow HTTP listener default stopped, was bound to 0.0.0.0:8080
2025-11-26 01:44:26,451 INFO  [org.wildfly.extension.undertow] (MSC service thread 1-8) WFLYUT0007: Undertow HTTPS listener https stopped, was bound to 0.0.0.0:8443
2025-11-26 01:44:26,520 INFO  [org.wildfly.extension.undertow] (MSC service thread 1-2) WFLYUT0004: Undertow 2.3.10.Final stopping
2025-11-26 01:44:26,611 INFO  [org.jboss.as.server.deployment] (MSC service thread 1-3) WFLYSRV0028: Stopped deployment usuarios-service.war (runtime-name: usuarios-service.war) in 567ms
2025-11-26 01:44:26,629 INFO  [org.jboss.as] (MSC service thread 1-5) WFLYSRV0050: WildFly Full 31.0.0.Final (WildFly Core 23.0.1.Final) stopped in 586ms
2025-11-26 01:45:53,641 INFO  [org.jboss.modules] (main) JBoss Modules version 2.1.2.Final
2025-11-26 01:46:07,011 INFO  [org.jboss.msc] (main) JBoss MSC version 1.5.2.Final
2025-11-26 01:46:07,171 INFO  [org.jboss.threads] (main) JBoss Threads version 2.4.0.Final
2025-11-26 01:46:09,538 INFO  [org.jboss.as] (MSC service thread 1-1) WFLYSRV0049: WildFly Full 31.0.0.Final (WildFly Core 23.0.1.Final) starting
2025-11-26 01:46:09,573 DEBUG [org.jboss.as.config] (MSC service thread 1-1) Configured system properties:
	[Standalone] = 
	file.encoding = UTF-8
	file.separator = /
	java.awt.headless = true
	java.class.path = /opt/jboss/wildfly/jboss-modules.jar
	java.class.version = 61.0
	java.home = /opt/java/openjdk
	java.io.tmpdir = /tmp
	java.library.path = /usr/java/packages/lib:/usr/lib64:/lib64:/lib:/usr/lib
	java.net.preferIPv4Stack = true
	java.runtime.name = OpenJDK Runtime Environment
	java.runtime.version = 17.0.10+7
	java.security.manager = allow
	java.specification.name = Java Platform API Specification
	java.specification.vendor = Oracle Corporation
	java.specification.version = 17
	java.util.logging.manager = org.jboss.logmanager.LogManager
	java.vendor = Eclipse Adoptium
	java.vendor.url = https://adoptium.net/
	java.vendor.url.bug = https://github.com/adoptium/adoptium-support/issues
	java.vendor.version = Temurin-17.0.10+7
	java.version = 17.0.10
	java.version.date = 2024-01-16
	java.vm.compressedOopsMode = 32-bit
	java.vm.info = mixed mode, sharing
	java.vm.name = OpenJDK 64-Bit Server VM
	java.vm.specification.name = Java Virtual Machine Specification
	java.vm.specification.vendor = Oracle Corporation
	java.vm.specification.version = 17
	java.vm.vendor = Eclipse Adoptium
	java.vm.version = 17.0.10+7
	javax.management.builder.initial = org.jboss.as.jmx.PluggableMBeanServerBuilder
	jboss.bind.address = 0.0.0.0
	jboss.home.dir = /opt/jboss/wildfly
	jboss.host.name = 5862fb463372
	jboss.modules.system.pkgs = org.jboss.byteman
	jboss.node.name = 5862fb463372
	jboss.qualified.host.name = 5862fb463372
	jboss.server.base.dir = /opt/jboss/wildfly/standalone
	jboss.server.config.dir = /opt/jboss/wildfly/standalone/configuration
	jboss.server.data.dir = /opt/jboss/wildfly/standalone/data
	jboss.server.log.dir = /opt/jboss/wildfly/standalone/log
	jboss.server.name = 5862fb463372
	jboss.server.persist.config = true
	jboss.server.temp.dir = /opt/jboss/wildfly/standalone/tmp
	jdk.debug = release
	jdk.serialFilter = maxbytes=10485760;maxdepth=128;maxarray=100000;maxrefs=300000
	line.separator = 

	logging.configuration = file:/opt/jboss/wildfly/standalone/configuration/logging.properties
	module.path = /opt/jboss/wildfly/modules
	native.encoding = UTF-8
	org.jboss.boot.log.file = /opt/jboss/wildfly/standalone/log/server.log
	org.jboss.resolver.warning = true
	os.arch = amd64
	os.name = Linux
	os.version = 6.6.87.2-microsoft-standard-WSL2
	path.separator = :
	sun.arch.data.model = 64
	sun.boot.library.path = /opt/java/openjdk/lib
	sun.cpu.endian = little
	sun.io.unicode.encoding = UnicodeLittle
	sun.java.command = /opt/jboss/wildfly/jboss-modules.jar -mp /opt/jboss/wildfly/modules org.jboss.as.standalone -Djboss.home.dir=/opt/jboss/wildfly -Djboss.server.base.dir=/opt/jboss/wildfly/standalone -b 0.0.0.0
	sun.java.launcher = SUN_STANDARD
	sun.jnu.encoding = UTF-8
	sun.management.compiler = HotSpot 64-Bit Tiered Compilers
	user.country = US
	user.dir = /opt/jboss
	user.home = /opt/jboss
	user.language = en
	user.name = jboss
	user.timezone = UTC
2025-11-26 01:46:09,591 DEBUG [org.jboss.as.config] (MSC service thread 1-1) VM Arguments: -D[Standalone] -Djdk.serialFilter=maxbytes=10485760;maxdepth=128;maxarray=100000;maxrefs=300000 -Xms64m -Xmx512m -XX:MetaspaceSize=96M -XX:MaxMetaspaceSize=256m -Djava.net.preferIPv4Stack=true -Djboss.modules.system.pkgs=org.jboss.byteman -Djava.awt.headless=true --add-exports=java.desktop/sun.awt=ALL-UNNAMED --add-exports=java.naming/com.sun.jndi.ldap=ALL-UNNAMED --add-exports=java.naming/com.sun.jndi.url.ldap=ALL-UNNAMED --add-exports=java.naming/com.sun.jndi.url.ldaps=ALL-UNNAMED --add-exports=jdk.naming.dns/com.sun.jndi.dns=ALL-UNNAMED --add-opens=java.base/java.lang=ALL-UNNAMED --add-opens=java.base/java.lang.invoke=ALL-UNNAMED --add-opens=java.base/java.lang.reflect=ALL-UNNAMED --add-opens=java.base/java.io=ALL-UNNAMED --add-opens=java.base/java.net=ALL-UNNAMED --add-opens=java.base/java.security=ALL-UNNAMED --add-opens=java.base/java.util=ALL-UNNAMED --add-opens=java.base/java.util.concurrent=ALL-UNNAMED --add-opens=java.management/javax.management=ALL-UNNAMED --add-opens=java.naming/javax.naming=ALL-UNNAMED -Djava.security.manager=allow -Dorg.jboss.boot.log.file=/opt/jboss/wildfly/standalone/log/server.log -Dlogging.configuration=file:/opt/jboss/wildfly/standalone/configuration/logging.properties 
2025-11-26 01:46:11,173 INFO  [org.jboss.vfs] (MSC service thread 1-4) VFS000002: Failed to clean existing content for temp file provider of type temp. Enable DEBUG level log to find what caused this
2025-11-26 01:46:25,640 INFO  [org.wildfly.security] (ServerService Thread Pool -- 26) ELY00001: WildFly Elytron version 2.2.3.Final
2025-11-26 01:46:44,133 INFO  [org.jboss.as.controller.management-deprecated] (ServerService Thread Pool -- 27) WFLYCTL0028: Attribute 'cluster' in the resource at address '/subsystem=ejb3/service=remote' is deprecated, and may be removed in a future version. See the attribute description in the output of the read-resource-description operation to learn more about the deprecation.
2025-11-26 01:46:53,478 INFO  [org.jboss.as.repository] (ServerService Thread Pool -- 12) WFLYDR0001: Content added at location /opt/jboss/wildfly/standalone/data/content/9a/2f58b92d44a6ccbbf354fb317765571a95b4fa/content
2025-11-26 01:46:53,876 INFO  [org.jboss.as.server] (Controller Boot Thread) WFLYSRV0039: Creating http management service using socket-binding (management-http)
2025-11-26 01:46:54,113 INFO  [org.xnio] (MSC service thread 1-8) XNIO version 3.8.12.Final
2025-11-26 01:46:54,238 INFO  [org.xnio.nio] (MSC service thread 1-8) XNIO NIO Implementation Version 3.8.12.Final
2025-11-26 01:46:55,894 INFO  [org.wildfly.extension.elytron.oidc._private] (ServerService Thread Pool -- 53) WFLYOIDC0001: Activating WildFly Elytron OIDC Subsystem
2025-11-26 01:46:56,362 INFO  [org.wildfly.extension.microprofile.jwt.smallrye] (ServerService Thread Pool -- 66) WFLYJWT0001: Activating MicroProfile JWT Subsystem
2025-11-26 01:46:56,516 INFO  [org.jboss.as.server.deployment] (MSC service thread 1-4) WFLYSRV0027: Starting deployment of "usuarios-service.war" (runtime-name: "usuarios-service.war")
2025-11-26 01:46:56,635 INFO  [org.jboss.as.naming] (ServerService Thread Pool -- 67) WFLYNAM0001: Activating Naming Subsystem
2025-11-26 01:46:56,788 INFO  [org.jboss.remoting] (MSC service thread 1-1) JBoss Remoting version 5.0.27.Final
2025-11-26 01:46:56,750 INFO  [org.wildfly.extension.microprofile.config.smallrye] (ServerService Thread Pool -- 65) WFLYCONF0001: Activating MicroProfile Config Subsystem
2025-11-26 01:46:56,892 INFO  [org.wildfly.extension.io] (ServerService Thread Pool -- 56) WFLYIO001: Worker 'default' has auto-configured to 8 IO threads with 64 max task threads based on your 4 available processors
2025-11-26 01:46:57,053 INFO  [org.jboss.as.jsf] (ServerService Thread Pool -- 62) WFLYJSF0007: Activated the following Jakarta Server Faces Implementations: [main]
2025-11-26 01:46:57,089 INFO  [org.jboss.as.clustering.infinispan] (ServerService Thread Pool -- 55) WFLYCLINF0001: Activating Infinispan subsystem.
2025-11-26 01:46:57,157 INFO  [org.wildfly.extension.health] (ServerService Thread Pool -- 54) WFLYHEALTH0001: Activating Base Health Subsystem
2025-11-26 01:46:57,233 INFO  [org.jboss.as.connector] (MSC service thread 1-2) WFLYJCA0009: Starting Jakarta Connectors Subsystem (WildFly/IronJacamar 3.0.8.Final)
2025-11-26 01:46:57,195 INFO  [org.wildfly.extension.metrics] (ServerService Thread Pool -- 64) WFLYMETRICS0001: Activating Base Metrics Subsystem
2025-11-26 01:46:57,378 INFO  [org.jboss.as.naming] (MSC service thread 1-4) WFLYNAM0003: Starting Naming Service
2025-11-26 01:46:57,379 INFO  [org.jboss.as.connector.subsystems.datasources] (ServerService Thread Pool -- 44) WFLYJCA0004: Deploying JDBC-compliant driver class org.h2.Driver (version 2.2)
2025-11-26 01:46:57,179 WARN  [org.jboss.as.txn] (ServerService Thread Pool -- 74) WFLYTX0013: The node-identifier attribute on the /subsystem=transactions is set to the default value. This is a danger for environments running multiple servers. Please make sure the attribute value is unique.
2025-11-26 01:46:57,381 INFO  [org.jboss.as.webservices] (ServerService Thread Pool -- 76) WFLYWS0002: Activating WebServices Extension
2025-11-26 01:46:57,378 INFO  [org.jboss.as.mail.extension] (MSC service thread 1-8) WFLYMAIL0001: Bound mail session [java:jboss/mail/Default]
2025-11-26 01:46:57,419 INFO  [org.jboss.as.jaxrs] (ServerService Thread Pool -- 57) WFLYRS0016: RESTEasy version 6.2.7.Final
2025-11-26 01:46:57,478 INFO  [org.jboss.as.connector.deployers.jdbc] (MSC service thread 1-4) WFLYJCA0018: Started Driver service with driver-name = h2
2025-11-26 01:46:57,818 INFO  [org.jboss.as.connector.subsystems.datasources] (ServerService Thread Pool -- 44) WFLYJCA0005: Deploying non-JDBC-compliant driver class com.mysql.cj.jdbc.Driver (version 8.2)
2025-11-26 01:46:57,849 INFO  [org.jboss.as.connector.deployers.jdbc] (MSC service thread 1-1) WFLYJCA0018: Started Driver service with driver-name = mysql
2025-11-26 01:46:59,260 INFO  [org.wildfly.extension.undertow] (MSC service thread 1-7) WFLYUT0003: Undertow 2.3.10.Final starting
2025-11-26 01:46:59,478 WARN  [org.wildfly.extension.elytron] (MSC service thread 1-8) WFLYELY00023: KeyStore file '/opt/jboss/wildfly/standalone/configuration/application.keystore' does not exist. Used blank.
2025-11-26 01:46:59,750 WARN  [org.wildfly.extension.elytron] (MSC service thread 1-8) WFLYELY01084: KeyStore /opt/jboss/wildfly/standalone/configuration/application.keystore not found, it will be auto-generated on first use with a self-signed certificate for host localhost
2025-11-26 01:47:01,330 INFO  [org.jboss.as.ejb3] (MSC service thread 1-1) WFLYEJB0481: Strict pool slsb-strict-max-pool is using a max instance size of 64 (per class), which is derived from thread worker pool sizing.
2025-11-26 01:47:01,331 INFO  [org.jboss.as.ejb3] (MSC service thread 1-6) WFLYEJB0482: Strict pool mdb-strict-max-pool is using a max instance size of 16 (per class), which is derived from the number of CPUs on this host.
2025-11-26 01:47:02,018 INFO  [org.wildfly.extension.undertow] (ServerService Thread Pool -- 75) WFLYUT0014: Creating file handler for path '/opt/jboss/wildfly/welcome-content' with options [directory-listing: 'false', follow-symlink: 'false', case-sensitive: 'true', safe-symlink-paths: '[]']
2025-11-26 01:47:02,812 INFO  [org.wildfly.extension.undertow] (MSC service thread 1-8) WFLYUT0012: Started server default-server.
2025-11-26 01:47:02,971 INFO  [org.wildfly.extension.undertow] (MSC service thread 1-8) Queuing requests.
2025-11-26 01:47:03,020 INFO  [org.wildfly.extension.undertow] (MSC service thread 1-8) WFLYUT0018: Host default-host starting
2025-11-26 01:47:04,666 INFO  [org.wildfly.extension.undertow] (MSC service thread 1-7) WFLYUT0006: Undertow HTTP listener default listening on 0.0.0.0:8080
2025-11-26 01:47:05,484 INFO  [org.jboss.as.ejb3] (MSC service thread 1-1) WFLYEJB0493: Jakarta Enterprise Beans subsystem suspension complete
2025-11-26 01:47:05,972 INFO  [org.wildfly.extension.undertow] (MSC service thread 1-3) WFLYUT0006: Undertow HTTPS listener https listening on 0.0.0.0:8443
2025-11-26 01:47:06,229 INFO  [org.jboss.as.connector.subsystems.datasources] (MSC service thread 1-6) WFLYJCA0001: Bound data source [java:jboss/datasources/UsuariosDS]
2025-11-26 01:47:06,247 INFO  [org.jboss.as.connector.subsystems.datasources] (MSC service thread 1-6) WFLYJCA0001: Bound data source [java:jboss/datasources/ExampleDS]
2025-11-26 01:47:06,860 INFO  [org.jboss.as.server.deployment.scanner] (MSC service thread 1-2) WFLYDS0013: Started FileSystemDeploymentService for directory /opt/jboss/wildfly/standalone/deployments
2025-11-26 01:47:07,184 INFO  [org.jboss.ws.common.management] (MSC service thread 1-6) JBWS022052: Starting JBossWS 7.0.0.Final (Apache CXF 4.0.0) 
2025-11-26 01:47:15,079 INFO  [org.jboss.as.server] (Thread-1) WFLYSRV0220: Server shutdown has been requested via an OS signal
2025-11-26 01:47:15,116 INFO  [org.jboss.as.connector.subsystems.datasources] (MSC service thread 1-6) WFLYJCA0010: Unbound data source [java:jboss/datasources/UsuariosDS]
2025-11-26 01:47:15,117 INFO  [org.jboss.as.connector.subsystems.datasources] (MSC service thread 1-7) WFLYJCA0010: Unbound data source [java:jboss/datasources/ExampleDS]
2025-11-26 01:47:15,266 INFO  [org.jboss.as.mail.extension] (MSC service thread 1-5) WFLYMAIL0002: Unbound mail session [java:jboss/mail/Default]
2025-11-26 01:47:15,287 INFO  [org.wildfly.extension.undertow] (MSC service thread 1-7) WFLYUT0008: Undertow HTTP listener default suspending
2025-11-26 01:47:15,269 INFO  [org.jboss.as.connector.deployers.jdbc] (MSC service thread 1-8) WFLYJCA0019: Stopped Driver service with driver-name = mysql
2025-11-26 01:47:15,268 INFO  [org.wildfly.extension.undertow] (MSC service thread 1-4) WFLYUT0019: Host default-host stopping
2025-11-26 01:47:15,267 INFO  [org.jboss.as.connector.deployers.jdbc] (MSC service thread 1-2) WFLYJCA0019: Stopped Driver service with driver-name = h2
2025-11-26 01:47:15,338 INFO  [org.wildfly.extension.undertow] (MSC service thread 1-7) WFLYUT0007: Undertow HTTP listener default stopped, was bound to 0.0.0.0:8080
2025-11-26 01:47:15,287 INFO  [org.wildfly.extension.undertow] (MSC service thread 1-5) WFLYUT0008: Undertow HTTPS listener https suspending
2025-11-26 01:47:15,469 INFO  [org.wildfly.extension.undertow] (MSC service thread 1-5) WFLYUT0007: Undertow HTTPS listener https stopped, was bound to 0.0.0.0:8443
2025-11-26 01:47:15,510 INFO  [org.wildfly.extension.undertow] (MSC service thread 1-2) WFLYUT0004: Undertow 2.3.10.Final stopping
2025-11-26 01:48:53,637 INFO  [org.jboss.modules] (main) JBoss Modules version 2.1.2.Final
2025-11-26 01:49:08,318 INFO  [org.jboss.msc] (main) JBoss MSC version 1.5.2.Final
2025-11-26 01:49:08,504 INFO  [org.jboss.threads] (main) JBoss Threads version 2.4.0.Final
2025-11-26 01:49:11,733 INFO  [org.jboss.as] (MSC service thread 1-2) WFLYSRV0049: WildFly Full 31.0.0.Final (WildFly Core 23.0.1.Final) starting
2025-11-26 01:49:11,763 DEBUG [org.jboss.as.config] (MSC service thread 1-2) Configured system properties:
	[Standalone] = 
	file.encoding = UTF-8
	file.separator = /
	java.awt.headless = true
	java.class.path = /opt/jboss/wildfly/jboss-modules.jar
	java.class.version = 61.0
	java.home = /opt/java/openjdk
	java.io.tmpdir = /tmp
	java.library.path = /usr/java/packages/lib:/usr/lib64:/lib64:/lib:/usr/lib
	java.net.preferIPv4Stack = true
	java.runtime.name = OpenJDK Runtime Environment
	java.runtime.version = 17.0.10+7
	java.security.manager = allow
	java.specification.name = Java Platform API Specification
	java.specification.vendor = Oracle Corporation
	java.specification.version = 17
	java.util.logging.manager = org.jboss.logmanager.LogManager
	java.vendor = Eclipse Adoptium
	java.vendor.url = https://adoptium.net/
	java.vendor.url.bug = https://github.com/adoptium/adoptium-support/issues
	java.vendor.version = Temurin-17.0.10+7
	java.version = 17.0.10
	java.version.date = 2024-01-16
	java.vm.compressedOopsMode = 32-bit
	java.vm.info = mixed mode, sharing
	java.vm.name = OpenJDK 64-Bit Server VM
	java.vm.specification.name = Java Virtual Machine Specification
	java.vm.specification.vendor = Oracle Corporation
	java.vm.specification.version = 17
	java.vm.vendor = Eclipse Adoptium
	java.vm.version = 17.0.10+7
	javax.management.builder.initial = org.jboss.as.jmx.PluggableMBeanServerBuilder
	jboss.bind.address = 0.0.0.0
	jboss.home.dir = /opt/jboss/wildfly
	jboss.host.name = 2f09d784188b
	jboss.modules.system.pkgs = org.jboss.byteman
	jboss.node.name = 2f09d784188b
	jboss.qualified.host.name = 2f09d784188b
	jboss.server.base.dir = /opt/jboss/wildfly/standalone
	jboss.server.config.dir = /opt/jboss/wildfly/standalone/configuration
	jboss.server.data.dir = /opt/jboss/wildfly/standalone/data
	jboss.server.log.dir = /opt/jboss/wildfly/standalone/log
	jboss.server.name = 2f09d784188b
	jboss.server.persist.config = true
	jboss.server.temp.dir = /opt/jboss/wildfly/standalone/tmp
	jdk.debug = release
	jdk.serialFilter = maxbytes=10485760;maxdepth=128;maxarray=100000;maxrefs=300000
	line.separator = 

	logging.configuration = file:/opt/jboss/wildfly/standalone/configuration/logging.properties
	module.path = /opt/jboss/wildfly/modules
	native.encoding = UTF-8
	org.jboss.boot.log.file = /opt/jboss/wildfly/standalone/log/server.log
	org.jboss.resolver.warning = true
	os.arch = amd64
	os.name = Linux
	os.version = 6.6.87.2-microsoft-standard-WSL2
	path.separator = :
	sun.arch.data.model = 64
	sun.boot.library.path = /opt/java/openjdk/lib
	sun.cpu.endian = little
	sun.io.unicode.encoding = UnicodeLittle
	sun.java.command = /opt/jboss/wildfly/jboss-modules.jar -mp /opt/jboss/wildfly/modules org.jboss.as.standalone -Djboss.home.dir=/opt/jboss/wildfly -Djboss.server.base.dir=/opt/jboss/wildfly/standalone -b 0.0.0.0
	sun.java.launcher = SUN_STANDARD
	sun.jnu.encoding = UTF-8
	sun.management.compiler = HotSpot 64-Bit Tiered Compilers
	user.country = US
	user.dir = /opt/jboss
	user.home = /opt/jboss
	user.language = en
	user.name = jboss
	user.timezone = UTC
2025-11-26 01:49:11,790 DEBUG [org.jboss.as.config] (MSC service thread 1-2) VM Arguments: -D[Standalone] -Djdk.serialFilter=maxbytes=10485760;maxdepth=128;maxarray=100000;maxrefs=300000 -Xms64m -Xmx512m -XX:MetaspaceSize=96M -XX:MaxMetaspaceSize=256m -Djava.net.preferIPv4Stack=true -Djboss.modules.system.pkgs=org.jboss.byteman -Djava.awt.headless=true --add-exports=java.desktop/sun.awt=ALL-UNNAMED --add-exports=java.naming/com.sun.jndi.ldap=ALL-UNNAMED --add-exports=java.naming/com.sun.jndi.url.ldap=ALL-UNNAMED --add-exports=java.naming/com.sun.jndi.url.ldaps=ALL-UNNAMED --add-exports=jdk.naming.dns/com.sun.jndi.dns=ALL-UNNAMED --add-opens=java.base/java.lang=ALL-UNNAMED --add-opens=java.base/java.lang.invoke=ALL-UNNAMED --add-opens=java.base/java.lang.reflect=ALL-UNNAMED --add-opens=java.base/java.io=ALL-UNNAMED --add-opens=java.base/java.net=ALL-UNNAMED --add-opens=java.base/java.security=ALL-UNNAMED --add-opens=java.base/java.util=ALL-UNNAMED --add-opens=java.base/java.util.concurrent=ALL-UNNAMED --add-opens=java.management/javax.management=ALL-UNNAMED --add-opens=java.naming/javax.naming=ALL-UNNAMED -Djava.security.manager=allow -Dorg.jboss.boot.log.file=/opt/jboss/wildfly/standalone/log/server.log -Dlogging.configuration=file:/opt/jboss/wildfly/standalone/configuration/logging.properties 
2025-11-26 01:49:12,696 INFO  [org.jboss.vfs] (MSC service thread 1-4) VFS000002: Failed to clean existing content for temp file provider of type temp. Enable DEBUG level log to find what caused this
2025-11-26 01:49:27,105 INFO  [org.wildfly.security] (ServerService Thread Pool -- 24) ELY00001: WildFly Elytron version 2.2.3.Final
2025-11-26 01:49:43,813 INFO  [org.jboss.as.controller.management-deprecated] (ServerService Thread Pool -- 14) WFLYCTL0028: Attribute 'cluster' in the resource at address '/subsystem=ejb3/service=remote' is deprecated, and may be removed in a future version. See the attribute description in the output of the read-resource-description operation to learn more about the deprecation.
2025-11-26 01:49:54,335 INFO  [org.jboss.as.repository] (ServerService Thread Pool -- 20) WFLYDR0001: Content added at location /opt/jboss/wildfly/standalone/data/content/9a/2f58b92d44a6ccbbf354fb317765571a95b4fa/content
2025-11-26 01:49:54,942 INFO  [org.jboss.as.server] (Controller Boot Thread) WFLYSRV0039: Creating http management service using socket-binding (management-http)
2025-11-26 01:49:55,734 INFO  [org.xnio] (MSC service thread 1-4) XNIO version 3.8.12.Final
2025-11-26 01:49:55,989 INFO  [org.xnio.nio] (MSC service thread 1-4) XNIO NIO Implementation Version 3.8.12.Final
2025-11-26 01:49:56,601 INFO  [org.wildfly.extension.elytron.oidc._private] (ServerService Thread Pool -- 53) WFLYOIDC0001: Activating WildFly Elytron OIDC Subsystem
2025-11-26 01:49:56,624 INFO  [org.wildfly.extension.health] (ServerService Thread Pool -- 54) WFLYHEALTH0001: Activating Base Health Subsystem
2025-11-26 01:49:56,732 INFO  [org.jboss.as.connector.subsystems.datasources] (ServerService Thread Pool -- 44) WFLYJCA0004: Deploying JDBC-compliant driver class org.h2.Driver (version 2.2)
2025-11-26 01:49:56,748 INFO  [org.jboss.as.clustering.infinispan] (ServerService Thread Pool -- 55) WFLYCLINF0001: Activating Infinispan subsystem.
2025-11-26 01:49:56,752 INFO  [org.jboss.as.server.deployment] (MSC service thread 1-5) WFLYSRV0027: Starting deployment of "usuarios-service.war" (runtime-name: "usuarios-service.war")
2025-11-26 01:49:56,950 INFO  [org.wildfly.extension.io] (ServerService Thread Pool -- 56) WFLYIO001: Worker 'default' has auto-configured to 8 IO threads with 64 max task threads based on your 4 available processors
2025-11-26 01:49:57,501 INFO  [org.wildfly.extension.metrics] (ServerService Thread Pool -- 64) WFLYMETRICS0001: Activating Base Metrics Subsystem
2025-11-26 01:49:57,541 INFO  [org.jboss.as.jsf] (ServerService Thread Pool -- 62) WFLYJSF0007: Activated the following Jakarta Server Faces Implementations: [main]
2025-11-26 01:49:57,776 INFO  [org.jboss.as.connector] (MSC service thread 1-7) WFLYJCA0009: Starting Jakarta Connectors Subsystem (WildFly/IronJacamar 3.0.8.Final)
2025-11-26 01:49:57,861 INFO  [org.wildfly.extension.microprofile.config.smallrye] (ServerService Thread Pool -- 65) WFLYCONF0001: Activating MicroProfile Config Subsystem
2025-11-26 01:49:57,784 INFO  [org.wildfly.extension.microprofile.jwt.smallrye] (ServerService Thread Pool -- 66) WFLYJWT0001: Activating MicroProfile JWT Subsystem
2025-11-26 01:49:58,031 INFO  [org.jboss.remoting] (MSC service thread 1-4) JBoss Remoting version 5.0.27.Final
2025-11-26 01:49:58,127 INFO  [org.jboss.as.connector.subsystems.datasources] (ServerService Thread Pool -- 44) WFLYJCA0005: Deploying non-JDBC-compliant driver class com.mysql.cj.jdbc.Driver (version 8.2)
2025-11-26 01:49:58,113 INFO  [org.jboss.as.jaxrs] (ServerService Thread Pool -- 57) WFLYRS0016: RESTEasy version 6.2.7.Final
2025-11-26 01:49:58,195 INFO  [org.jboss.as.connector.deployers.jdbc] (MSC service thread 1-1) WFLYJCA0018: Started Driver service with driver-name = h2
2025-11-26 01:49:58,275 INFO  [org.jboss.as.connector.deployers.jdbc] (MSC service thread 1-5) WFLYJCA0018: Started Driver service with driver-name = mysql
2025-11-26 01:49:58,427 WARN  [org.jboss.as.txn] (ServerService Thread Pool -- 74) WFLYTX0013: The node-identifier attribute on the /subsystem=transactions is set to the default value. This is a danger for environments running multiple servers. Please make sure the attribute value is unique.
2025-11-26 01:49:59,143 INFO  [org.jboss.as.naming] (ServerService Thread Pool -- 67) WFLYNAM0001: Activating Naming Subsystem
2025-11-26 01:49:59,590 INFO  [org.jboss.as.webservices] (ServerService Thread Pool -- 76) WFLYWS0002: Activating WebServices Extension
2025-11-26 01:50:00,547 INFO  [org.jboss.as.naming] (MSC service thread 1-7) WFLYNAM0003: Starting Naming Service
2025-11-26 01:50:00,993 INFO  [org.jboss.as.mail.extension] (MSC service thread 1-8) WFLYMAIL0001: Bound mail session [java:jboss/mail/Default]
2025-11-26 01:50:01,148 INFO  [org.wildfly.extension.undertow] (MSC service thread 1-3) WFLYUT0003: Undertow 2.3.10.Final starting
2025-11-26 01:50:03,190 WARN  [org.wildfly.extension.elytron] (MSC service thread 1-7) WFLYELY00023: KeyStore file '/opt/jboss/wildfly/standalone/configuration/application.keystore' does not exist. Used blank.
2025-11-26 01:50:03,645 INFO  [org.jboss.as.ejb3] (MSC service thread 1-8) WFLYEJB0481: Strict pool slsb-strict-max-pool is using a max instance size of 64 (per class), which is derived from thread worker pool sizing.
2025-11-26 01:50:03,713 INFO  [org.jboss.as.ejb3] (MSC service thread 1-1) WFLYEJB0482: Strict pool mdb-strict-max-pool is using a max instance size of 16 (per class), which is derived from the number of CPUs on this host.
2025-11-26 01:50:03,713 WARN  [org.wildfly.extension.elytron] (MSC service thread 1-7) WFLYELY01084: KeyStore /opt/jboss/wildfly/standalone/configuration/application.keystore not found, it will be auto-generated on first use with a self-signed certificate for host localhost
2025-11-26 01:50:04,728 INFO  [org.wildfly.extension.undertow] (ServerService Thread Pool -- 75) WFLYUT0014: Creating file handler for path '/opt/jboss/wildfly/welcome-content' with options [directory-listing: 'false', follow-symlink: 'false', case-sensitive: 'true', safe-symlink-paths: '[]']
2025-11-26 01:50:04,877 INFO  [org.wildfly.extension.undertow] (MSC service thread 1-2) WFLYUT0012: Started server default-server.
2025-11-26 01:50:05,006 INFO  [org.wildfly.extension.undertow] (MSC service thread 1-1) Queuing requests.
2025-11-26 01:50:05,015 INFO  [org.wildfly.extension.undertow] (MSC service thread 1-1) WFLYUT0018: Host default-host starting
2025-11-26 01:50:06,217 INFO  [org.wildfly.extension.undertow] (MSC service thread 1-2) WFLYUT0006: Undertow HTTP listener default listening on 0.0.0.0:8080
2025-11-26 01:50:10,681 INFO  [org.jboss.as.ejb3] (MSC service thread 1-4) WFLYEJB0493: Jakarta Enterprise Beans subsystem suspension complete
2025-11-26 01:50:11,627 INFO  [org.wildfly.extension.undertow] (MSC service thread 1-7) WFLYUT0006: Undertow HTTPS listener https listening on 0.0.0.0:8443
2025-11-26 01:50:12,763 INFO  [org.jboss.as.connector.subsystems.datasources] (MSC service thread 1-7) WFLYJCA0001: Bound data source [java:jboss/datasources/UsuariosDS]
2025-11-26 01:50:12,851 INFO  [org.jboss.as.connector.subsystems.datasources] (MSC service thread 1-5) WFLYJCA0001: Bound data source [java:jboss/datasources/ExampleDS]
2025-11-26 01:50:13,303 INFO  [org.jboss.as.server.deployment.scanner] (MSC service thread 1-4) WFLYDS0013: Started FileSystemDeploymentService for directory /opt/jboss/wildfly/standalone/deployments
2025-11-26 01:50:15,221 INFO  [org.jboss.ws.common.management] (MSC service thread 1-1) JBWS022052: Starting JBossWS 7.0.0.Final (Apache CXF 4.0.0) 
2025-11-26 01:51:47,242 INFO  [org.jboss.as.jpa] (MSC service thread 1-5) WFLYJPA0002: Read persistence.xml for usuariosPU
2025-11-26 01:51:49,725 INFO  [org.jipijapa] (MSC service thread 1-3) JIPIORMV6020260: Second level cache enabled for usuarios-service.war#usuariosPU
2025-11-26 01:51:50,774 INFO  [org.jboss.weld.deployer] (MSC service thread 1-2) WFLYWELD0003: Processing weld deployment usuarios-service.war
2025-11-26 01:51:52,073 INFO  [org.hibernate.validator.internal.util.Version] (MSC service thread 1-2) HV000001: Hibernate Validator 8.0.1.Final
2025-11-26 01:51:54,756 INFO  [org.infinispan.CONTAINER] (ServerService Thread Pool -- 80) ISPN000556: Starting user marshaller 'org.wildfly.clustering.infinispan.marshalling.jboss.JBossMarshaller'
2025-11-26 01:51:55,495 INFO  [org.jipijapa] (MSC service thread 1-7) JIPIORMV6020260: Second level cache enabled for usuarios-service.war#usuariosPU
2025-11-26 01:51:57,043 INFO  [org.jboss.as.connector.deployers.jdbc] (MSC service thread 1-7) WFLYJCA0005: Deploying non-JDBC-compliant driver class com.mysql.cj.jdbc.Driver (version 8.2)
2025-11-26 01:51:57,490 INFO  [org.jboss.weld.Version] (MSC service thread 1-7) WELD-000900: 5.1.2 (Final)
2025-11-26 01:51:58,633 INFO  [org.jboss.as.connector.deployers.jdbc] (MSC service thread 1-6) WFLYJCA0018: Started Driver service with driver-name = usuarios-service.war_com.mysql.cj.jdbc.Driver_8_2
2025-11-26 01:52:03,312 INFO  [org.jboss.as.jpa] (ServerService Thread Pool -- 80) WFLYJPA0010: Starting Persistence Unit (phase 1 of 2) Service 'usuarios-service.war#usuariosPU'
2025-11-26 01:52:03,397 INFO  [org.hibernate.jpa.internal.util.LogHelper] (ServerService Thread Pool -- 80) HHH000204: Processing PersistenceUnitInfo [name: usuariosPU]
2025-11-26 01:52:03,850 INFO  [org.hibernate.Version] (ServerService Thread Pool -- 80) HHH000412: Hibernate ORM core version 6.4.2.Final
2025-11-26 01:52:05,677 WARN  [org.hibernate.orm.deprecation] (ServerService Thread Pool -- 80) HHH90000025: MySQLDialect does not need to be specified explicitly using 'hibernate.dialect' (remove the property setting and it will be selected by default)
2025-11-26 01:52:05,918 INFO  [org.hibernate.cache.internal.RegionFactoryInitiator] (ServerService Thread Pool -- 80) HHH000025: Second-level cache region factory [org.infinispan.hibernate.cache.v62.InfinispanRegionFactory]
2025-11-26 01:52:06,642 INFO  [org.hibernate.envers.boot.internal.EnversServiceImpl] (ServerService Thread Pool -- 80) Envers integration enabled? : true
2025-11-26 01:52:08,237 INFO  [org.jboss.as.jpa] (ServerService Thread Pool -- 80) WFLYJPA0010: Starting Persistence Unit (phase 2 of 2) Service 'usuarios-service.war#usuariosPU'
2025-11-26 01:52:19,145 INFO  [org.jboss.resteasy.resteasy_jaxrs.i18n] (ServerService Thread Pool -- 80) RESTEASY002225: Deploying jakarta.ws.rs.core.Application: class org.example.demo3.HelloApplication
2025-11-26 01:52:19,300 INFO  [org.wildfly.extension.undertow] (ServerService Thread Pool -- 80) WFLYUT0021: Registered web context: '/usuarios-service' for server 'default-server'
2025-11-26 01:52:19,613 INFO  [org.jboss.as.server] (ServerService Thread Pool -- 45) WFLYSRV0010: Deployed "usuarios-service.war" (runtime-name : "usuarios-service.war")
2025-11-26 01:52:19,851 ERROR [org.jboss.as.controller] (Controller Boot Thread) WFLYCTL0056: Could not rename /opt/jboss/wildfly/standalone/configuration/standalone_xml_history/current to /opt/jboss/wildfly/standalone/configuration/standalone_xml_history/20251126-015219849: java.nio.file.DirectoryNotEmptyException: /opt/jboss/wildfly/standalone/configuration/standalone_xml_history/current
	at java.base/sun.nio.fs.UnixCopyFile.ensureEmptyDir(UnixCopyFile.java:382)
	at java.base/sun.nio.fs.UnixCopyFile.move(UnixCopyFile.java:483)
	at java.base/sun.nio.fs.UnixFileSystemProvider.move(UnixFileSystemProvider.java:266)
	at java.base/java.nio.file.Files.move(Files.java:1432)
	at org.jboss.as.controller@23.0.1.Final//org.jboss.as.controller.persistence.ConfigurationFile.forcedMove(ConfigurationFile.java:817)
	at org.jboss.as.controller@23.0.1.Final//org.jboss.as.controller.persistence.ConfigurationFile.createHistoryDirectory(ConfigurationFile.java:699)
	at org.jboss.as.controller@23.0.1.Final//org.jboss.as.controller.persistence.ConfigurationFile.successfulBoot(ConfigurationFile.java:542)
	at org.jboss.as.controller@23.0.1.Final//org.jboss.as.controller.persistence.BackupXmlConfigurationPersister.successfulBoot(BackupXmlConfigurationPersister.java:78)
	at org.jboss.as.controller@23.0.1.Final//org.jboss.as.controller.AbstractControllerService.finishBoot(AbstractControllerService.java:487)
	at org.jboss.as.server@23.0.1.Final//org.jboss.as.server.ServerService.finishBoot(ServerService.java:438)
	at org.jboss.as.server@23.0.1.Final//org.jboss.as.server.ServerService.boot(ServerService.java:398)
	at org.jboss.as.controller@23.0.1.Final//org.jboss.as.controller.AbstractControllerService$1.run(AbstractControllerService.java:362)
	at java.base/java.lang.Thread.run(Thread.java:840)

2025-11-26 01:52:19,868 WARN  [org.jboss.as.controller] (Controller Boot Thread) WFLYCTL0414: Could not create a timestamped backup of current history dir /opt/jboss/wildfly/standalone/configuration/standalone_xml_history/current, so it may still include versions from the previous boot.
2025-11-26 01:52:19,889 INFO  [org.jboss.as.server] (Controller Boot Thread) WFLYSRV0212: Resuming server
2025-11-26 01:52:19,903 INFO  [org.jboss.as] (Controller Boot Thread) WFLYSRV0060: Http management interface listening on http://127.0.0.1:9990/management
2025-11-26 01:52:19,909 INFO  [org.jboss.as] (Controller Boot Thread) WFLYSRV0051: Admin console listening on http://127.0.0.1:9990
2025-11-26 01:52:19,919 INFO  [org.jboss.as] (Controller Boot Thread) WFLYSRV0025: WildFly Full 31.0.0.Final (WildFly Core 23.0.1.Final) started in 212970ms - Started 420 of 621 services (323 services are lazy, passive or on-demand) - Server configuration file in use: standalone.xml
2025-11-26 02:00:51,259 INFO  [org.jboss.as.server] (Thread-1) WFLYSRV0272: Suspending server
2025-11-26 02:00:51,293 INFO  [org.jboss.as.ejb3] (Thread-1) WFLYEJB0493: Jakarta Enterprise Beans subsystem suspension complete
2025-11-26 02:00:51,297 INFO  [org.jboss.as.server] (Thread-1) WFLYSRV0220: Server shutdown has been requested via an OS signal
2025-11-26 02:00:51,366 INFO  [org.wildfly.extension.undertow] (ServerService Thread Pool -- 20) WFLYUT0022: Unregistered web context: '/usuarios-service' from server 'default-server'
2025-11-26 02:00:51,382 INFO  [org.jboss.as.connector.deployers.jdbc] (MSC service thread 1-5) WFLYJCA0019: Stopped Driver service with driver-name = usuarios-service.war_com.mysql.cj.jdbc.Driver_8_2
2025-11-26 02:00:51,418 INFO  [org.jboss.as.mail.extension] (MSC service thread 1-8) WFLYMAIL0002: Unbound mail session [java:jboss/mail/Default]
2025-11-26 02:00:51,514 INFO  [org.wildfly.extension.undertow] (MSC service thread 1-7) WFLYUT0019: Host default-host stopping
2025-11-26 02:00:51,611 INFO  [org.jboss.as.jpa] (ServerService Thread Pool -- 20) WFLYJPA0011: Stopping Persistence Unit (phase 2 of 2) Service 'usuarios-service.war#usuariosPU'
2025-11-26 02:00:51,611 INFO  [org.jboss.as.connector.subsystems.datasources] (MSC service thread 1-1) WFLYJCA0010: Unbound data source [java:jboss/datasources/ExampleDS]
2025-11-26 02:00:51,612 INFO  [org.jboss.as.connector.deployers.jdbc] (MSC service thread 1-7) WFLYJCA0019: Stopped Driver service with driver-name = h2
2025-11-26 02:00:51,627 INFO  [org.hibernate.orm.beans] (ServerService Thread Pool -- 20) HHH10005004: Stopping BeanContainer : org.hibernate.resource.beans.container.internal.CdiBeanContainerExtendedAccessImpl@9212990
2025-11-26 02:00:51,651 INFO  [org.jboss.as.jpa] (ServerService Thread Pool -- 20) WFLYJPA0011: Stopping Persistence Unit (phase 1 of 2) Service 'usuarios-service.war#usuariosPU'
2025-11-26 02:00:51,683 INFO  [org.jboss.as.connector.subsystems.datasources] (MSC service thread 1-5) WFLYJCA0010: Unbound data source [java:jboss/datasources/UsuariosDS]
2025-11-26 02:00:51,706 INFO  [org.jboss.as.connector.deployers.jdbc] (MSC service thread 1-7) WFLYJCA0019: Stopped Driver service with driver-name = mysql
2025-11-26 02:00:51,793 INFO  [org.wildfly.extension.undertow] (MSC service thread 1-2) WFLYUT0008: Undertow HTTPS listener https suspending
2025-11-26 02:00:51,794 INFO  [org.wildfly.extension.undertow] (MSC service thread 1-2) WFLYUT0007: Undertow HTTPS listener https stopped, was bound to 0.0.0.0:8443
2025-11-26 02:00:51,808 INFO  [org.wildfly.extension.undertow] (MSC service thread 1-1) WFLYUT0008: Undertow HTTP listener default suspending
2025-11-26 02:00:51,810 INFO  [org.wildfly.extension.undertow] (MSC service thread 1-1) WFLYUT0007: Undertow HTTP listener default stopped, was bound to 0.0.0.0:8080
2025-11-26 02:00:51,812 INFO  [org.wildfly.extension.undertow] (MSC service thread 1-5) WFLYUT0004: Undertow 2.3.10.Final stopping
2025-11-26 02:00:51,996 INFO  [org.jboss.as.server.deployment] (MSC service thread 1-2) WFLYSRV0028: Stopped deployment usuarios-service.war (runtime-name: usuarios-service.war) in 646ms
2025-11-26 02:00:52,015 INFO  [org.jboss.as] (MSC service thread 1-6) WFLYSRV0050: WildFly Full 31.0.0.Final (WildFly Core 23.0.1.Final) stopped in 666ms
